<?xml version="1.0" encoding="UTF-8"?>
<!-- Generated by org.testng.reporters.JUnitReportReporter -->
<testsuite hostname="Ghost" failures="0" tests="1" name="Basic.OrganizationsTest" time="15.688" errors="0" timestamp="2024-03-15T12:51:45 IST" skipped="0">
  <testcase classname="Basic.OrganizationsTest" name="CreateOrganizationsTest" time="15.688"/>
  <system-out/>
</testsuite> <!-- Basic.OrganizationsTest -->
